# JRE version: OpenJDK Runtime Environment (22.0.1+8) (build 22.0.1+8-16)
# Java VM: OpenJDK 64-Bit Server VM (22.0.1+8-16, mixed mode, sharing, tiered, compressed oops, compressed class ptrs, g1 gc, windows-amd64)
GC Precious Log:
 CardTable entry size: 512
 Card Set container configuration: InlinePtr #cards 4 size 8 Array Of Cards #cards 16 size 48 Howl #buckets 8 coarsen threshold 3686 Howl Bitmap #cards 512 size 80 coarsen threshold 460 Card regions per heap region 1 cards per card region 4096
 CPUs: 6 total, 6 available
 Memory: 16288M
 Large Page Support: Disabled
 NUMA Support: Disabled
 Compressed Oops: Enabled (Zero based)
 Heap Region Size: 2M
 Heap Min Capacity: 8M
 Heap Initial Capacity: 256M
 Heap Max Capacity: 4074M
 Pre-touch: Disabled
 Parallel Workers: 6
 Concurrent Workers: 2
 Concurrent Refinement Workers: 6
 Periodic GC: Disabled
Heap:
 garbage-first heap   total reserved 4171776K, committed 376832K, used 136291K [0x0000000701600000, 0x0000000800000000)
  region size 2048K, 61 young (124928K), 5 survivors (10240K)
 Metaspace       used 6323K, committed 6592K, reserved 1114112K
  class space    used 314K, committed 448K, reserved 1048576K
GC Heap History (16 events):
Event: 0.909 GC heap before
{Heap before GC invocations=0 (full 0):
 garbage-first heap   total reserved 4171776K, committed 262144K, used 20480K [0x0000000701600000, 0x0000000800000000)
  region size 2048K, 11 young (22528K), 0 survivors (0K)
 Metaspace       used 4731K, committed 4928K, reserved 1114112K
  class space    used 254K, committed 384K, reserved 1048576K
}
Event: 0.913 GC heap after
{Heap after GC invocations=1 (full 0):
 garbage-first heap   total reserved 4171776K, committed 262144K, used 7272K [0x0000000701600000, 0x0000000800000000)
  region size 2048K, 2 young (4096K), 2 survivors (4096K)
 Metaspace       used 4731K, committed 4928K, reserved 1114112K
  class space    used 254K, committed 384K, reserved 1048576K
}
Event: 0.956 GC heap before
{Heap before GC invocations=1 (full 0):
 garbage-first heap   total reserved 4171776K, committed 262144K, used 27752K [0x0000000701600000, 0x0000000800000000)
  region size 2048K, 13 young (26624K), 2 survivors (4096K)
 Metaspace       used 4732K, committed 4928K, reserved 1114112K
  class space    used 254K, committed 384K, reserved 1048576K
}
Event: 0.960 GC heap after
{Heap after GC invocations=2 (full 0):
 garbage-first heap   total reserved 4171776K, committed 262144K, used 13435K [0x0000000701600000, 0x0000000800000000)
  region size 2048K, 2 young (4096K), 2 survivors (4096K)
 Metaspace       used 4732K, committed 4928K, reserved 1114112K
  class space    used 254K, committed 384K, reserved 1048576K
}
Event: 1.049 GC heap before
{Heap before GC invocations=2 (full 0):
 garbage-first heap   total reserved 4171776K, committed 262144K, used 52347K [0x0000000701600000, 0x0000000800000000)
  region size 2048K, 22 young (45056K), 2 survivors (4096K)
 Metaspace       used 4773K, committed 4992K, reserved 1114112K
  class space    used 256K, committed 384K, reserved 1048576K
}
Event: 1.055 GC heap after
{Heap after GC invocations=3 (full 0):
 garbage-first heap   total reserved 4171776K, committed 262144K, used 21965K [0x0000000701600000, 0x0000000800000000)
  region size 2048K, 3 young (6144K), 3 survivors (6144K)
 Metaspace       used 4773K, committed 4992K, reserved 1114112K
  class space    used 256K, committed 384K, reserved 1048576K
}
Event: 1.342 GC heap before
{Heap before GC invocations=3 (full 0):
 garbage-first heap   total reserved 4171776K, committed 262144K, used 77261K [0x0000000701600000, 0x0000000800000000)
  region size 2048K, 31 young (63488K), 3 survivors (6144K)
 Metaspace       used 4773K, committed 4992K, reserved 1114112K
  class space    used 256K, committed 384K, reserved 1048576K
}
Event: 1.345 GC heap after
{Heap after GC invocations=4 (full 0):
 garbage-first heap   total reserved 4171776K, committed 262144K, used 22387K [0x0000000701600000, 0x0000000800000000)
  region size 2048K, 3 young (6144K), 3 survivors (6144K)
 Metaspace       used 4773K, committed 4992K, reserved 1114112K
  class space    used 256K, committed 384K, reserved 1048576K
}
Event: 1.749 GC heap before
{Heap before GC invocations=4 (full 0):
 garbage-first heap   total reserved 4171776K, committed 262144K, used 169843K [0x0000000701600000, 0x0000000800000000)
  region size 2048K, 76 young (155648K), 3 survivors (6144K)
 Metaspace       used 4773K, committed 4992K, reserved 1114112K
  class space    used 256K, committed 384K, reserved 1048576K
}
Event: 1.753 GC heap after
{Heap after GC invocations=5 (full 0):
 garbage-first heap   total reserved 4171776K, committed 262144K, used 23425K [0x0000000701600000, 0x0000000800000000)
  region size 2048K, 4 young (8192K), 4 survivors (8192K)
 Metaspace       used 4773K, committed 4992K, reserved 1114112K
  class space    used 256K, committed 384K, reserved 1048576K
}
Event: 1.833 GC heap before
{Heap before GC invocations=5 (full 0):
 garbage-first heap   total reserved 4171776K, committed 262144K, used 168833K [0x0000000701600000, 0x0000000800000000)
  region size 2048K, 76 young (155648K), 4 survivors (8192K)
 Metaspace       used 4773K, committed 4992K, reserved 1114112K
  class space    used 256K, committed 384K, reserved 1048576K
}
Event: 1.837 GC heap after
{Heap after GC invocations=6 (full 0):
 garbage-first heap   total reserved 4171776K, committed 376832K, used 24358K [0x0000000701600000, 0x0000000800000000)
  region size 2048K, 4 young (8192K), 4 survivors (8192K)
 Metaspace       used 4773K, committed 4992K, reserved 1114112K
  class space    used 256K, committed 384K, reserved 1048576K
}
Event: 1.995 GC heap before
{Heap before GC invocations=6 (full 0):
 garbage-first heap   total reserved 4171776K, committed 376832K, used 239398K [0x0000000701600000, 0x0000000800000000)
  region size 2048K, 110 young (225280K), 4 survivors (8192K)
 Metaspace       used 4773K, committed 4992K, reserved 1114112K
  class space    used 256K, committed 384K, reserved 1048576K
}
Event: 1.999 GC heap after
{Heap after GC invocations=7 (full 0):
 garbage-first heap   total reserved 4171776K, committed 376832K, used 25860K [0x0000000701600000, 0x0000000800000000)
  region size 2048K, 5 young (10240K), 5 survivors (10240K)
 Metaspace       used 4773K, committed 4992K, reserved 1114112K
  class space    used 256K, committed 384K, reserved 1048576K
}
Event: 2.321 GC heap before
{Heap before GC invocations=7 (full 0):
 garbage-first heap   total reserved 4171776K, committed 376832K, used 238852K [0x0000000701600000, 0x0000000800000000)
  region size 2048K, 110 young (225280K), 5 survivors (10240K)
 Metaspace       used 4773K, committed 4992K, reserved 1114112K
  class space    used 256K, committed 384K, reserved 1048576K
}
Event: 2.325 GC heap after
{Heap after GC invocations=8 (full 0):
 garbage-first heap   total reserved 4171776K, committed 376832K, used 25699K [0x0000000701600000, 0x0000000800000000)
  region size 2048K, 5 young (10240K), 5 survivors (10240K)
 Metaspace       used 4773K, committed 4992K, reserved 1114112K
  class space    used 256K, committed 384K, reserved 1048576K
}

