# JRE version: OpenJDK Runtime Environment (22.0.1+8) (build 22.0.1+8-16)
# Java VM: OpenJDK 64-Bit Server VM (22.0.1+8-16, mixed mode, sharing, tiered, compressed oops, compressed class ptrs, g1 gc, windows-amd64)
GC Precious Log:
 CardTable entry size: 512
 Card Set container configuration: InlinePtr #cards 4 size 8 Array Of Cards #cards 16 size 48 Howl #buckets 8 coarsen threshold 3686 Howl Bitmap #cards 512 size 80 coarsen threshold 460 Card regions per heap region 1 cards per card region 4096
 CPUs: 6 total, 6 available
 Memory: 16288M
 Large Page Support: Disabled
 NUMA Support: Disabled
 Compressed Oops: Enabled (Zero based)
 Heap Region Size: 2M
 Heap Min Capacity: 8M
 Heap Initial Capacity: 256M
 Heap Max Capacity: 4074M
 Pre-touch: Disabled
 Parallel Workers: 6
 Concurrent Workers: 2
 Concurrent Refinement Workers: 6
 Periodic GC: Disabled
Heap:
 garbage-first heap   total reserved 4171776K, committed 397312K, used 107176K [0x0000000701600000, 0x0000000800000000)
  region size 2048K, 47 young (96256K), 5 survivors (10240K)
 Metaspace       used 6324K, committed 6592K, reserved 1114112K
  class space    used 314K, committed 448K, reserved 1048576K
GC Heap History (16 events):
Event: 0.836 GC heap before
{Heap before GC invocations=0 (full 0):
 garbage-first heap   total reserved 4171776K, committed 262144K, used 20480K [0x0000000701600000, 0x0000000800000000)
  region size 2048K, 11 young (22528K), 0 survivors (0K)
 Metaspace       used 4723K, committed 4928K, reserved 1114112K
  class space    used 254K, committed 384K, reserved 1048576K
}
Event: 0.840 GC heap after
{Heap after GC invocations=1 (full 0):
 garbage-first heap   total reserved 4171776K, committed 262144K, used 7232K [0x0000000701600000, 0x0000000800000000)
  region size 2048K, 2 young (4096K), 2 survivors (4096K)
 Metaspace       used 4723K, committed 4928K, reserved 1114112K
  class space    used 254K, committed 384K, reserved 1048576K
}
Event: 0.884 GC heap before
{Heap before GC invocations=1 (full 0):
 garbage-first heap   total reserved 4171776K, committed 262144K, used 27712K [0x0000000701600000, 0x0000000800000000)
  region size 2048K, 13 young (26624K), 2 survivors (4096K)
 Metaspace       used 4725K, committed 4928K, reserved 1114112K
  class space    used 254K, committed 384K, reserved 1048576K
}
Event: 0.889 GC heap after
{Heap after GC invocations=2 (full 0):
 garbage-first heap   total reserved 4171776K, committed 262144K, used 13907K [0x0000000701600000, 0x0000000800000000)
  region size 2048K, 2 young (4096K), 2 survivors (4096K)
 Metaspace       used 4725K, committed 4928K, reserved 1114112K
  class space    used 254K, committed 384K, reserved 1048576K
}
Event: 0.985 GC heap before
{Heap before GC invocations=2 (full 0):
 garbage-first heap   total reserved 4171776K, committed 262144K, used 52819K [0x0000000701600000, 0x0000000800000000)
  region size 2048K, 22 young (45056K), 2 survivors (4096K)
 Metaspace       used 4769K, committed 4992K, reserved 1114112K
  class space    used 256K, committed 384K, reserved 1048576K
}
Event: 0.991 GC heap after
{Heap after GC invocations=3 (full 0):
 garbage-first heap   total reserved 4171776K, committed 262144K, used 22127K [0x0000000701600000, 0x0000000800000000)
  region size 2048K, 3 young (6144K), 3 survivors (6144K)
 Metaspace       used 4769K, committed 4992K, reserved 1114112K
  class space    used 256K, committed 384K, reserved 1048576K
}
Event: 1.121 GC heap before
{Heap before GC invocations=3 (full 0):
 garbage-first heap   total reserved 4171776K, committed 262144K, used 77423K [0x0000000701600000, 0x0000000800000000)
  region size 2048K, 31 young (63488K), 3 survivors (6144K)
 Metaspace       used 4769K, committed 4992K, reserved 1114112K
  class space    used 256K, committed 384K, reserved 1048576K
}
Event: 1.125 GC heap after
{Heap after GC invocations=4 (full 0):
 garbage-first heap   total reserved 4171776K, committed 262144K, used 23511K [0x0000000701600000, 0x0000000800000000)
  region size 2048K, 4 young (8192K), 4 survivors (8192K)
 Metaspace       used 4769K, committed 4992K, reserved 1114112K
  class space    used 256K, committed 384K, reserved 1048576K
}
Event: 1.435 GC heap before
{Heap before GC invocations=4 (full 0):
 garbage-first heap   total reserved 4171776K, committed 262144K, used 168919K [0x0000000701600000, 0x0000000800000000)
  region size 2048K, 76 young (155648K), 4 survivors (8192K)
 Metaspace       used 4769K, committed 4992K, reserved 1114112K
  class space    used 256K, committed 384K, reserved 1048576K
}
Event: 1.438 GC heap after
{Heap after GC invocations=5 (full 0):
 garbage-first heap   total reserved 4171776K, committed 262144K, used 23671K [0x0000000701600000, 0x0000000800000000)
  region size 2048K, 4 young (8192K), 4 survivors (8192K)
 Metaspace       used 4769K, committed 4992K, reserved 1114112K
  class space    used 256K, committed 384K, reserved 1048576K
}
Event: 1.588 GC heap before
{Heap before GC invocations=5 (full 0):
 garbage-first heap   total reserved 4171776K, committed 262144K, used 169079K [0x0000000701600000, 0x0000000800000000)
  region size 2048K, 76 young (155648K), 4 survivors (8192K)
 Metaspace       used 4769K, committed 4992K, reserved 1114112K
  class space    used 256K, committed 384K, reserved 1048576K
}
Event: 1.592 GC heap after
{Heap after GC invocations=6 (full 0):
 garbage-first heap   total reserved 4171776K, committed 397312K, used 24643K [0x0000000701600000, 0x0000000800000000)
  region size 2048K, 4 young (8192K), 4 survivors (8192K)
 Metaspace       used 4769K, committed 4992K, reserved 1114112K
  class space    used 256K, committed 384K, reserved 1048576K
}
Event: 1.768 GC heap before
{Heap before GC invocations=6 (full 0):
 garbage-first heap   total reserved 4171776K, committed 397312K, used 251971K [0x0000000701600000, 0x0000000800000000)
  region size 2048K, 116 young (237568K), 4 survivors (8192K)
 Metaspace       used 4769K, committed 4992K, reserved 1114112K
  class space    used 256K, committed 384K, reserved 1048576K
}
Event: 1.770 GC heap after
{Heap after GC invocations=7 (full 0):
 garbage-first heap   total reserved 4171776K, committed 397312K, used 19248K [0x0000000701600000, 0x0000000800000000)
  region size 2048K, 2 young (4096K), 2 survivors (4096K)
 Metaspace       used 4769K, committed 4992K, reserved 1114112K
  class space    used 256K, committed 384K, reserved 1048576K
}
Event: 2.057 GC heap before
{Heap before GC invocations=7 (full 0):
 garbage-first heap   total reserved 4171776K, committed 397312K, used 250672K [0x0000000701600000, 0x0000000800000000)
  region size 2048K, 116 young (237568K), 2 survivors (4096K)
 Metaspace       used 4769K, committed 4992K, reserved 1114112K
  class space    used 256K, committed 384K, reserved 1048576K
}
Event: 2.061 GC heap after
{Heap after GC invocations=8 (full 0):
 garbage-first heap   total reserved 4171776K, committed 397312K, used 25256K [0x0000000701600000, 0x0000000800000000)
  region size 2048K, 5 young (10240K), 5 survivors (10240K)
 Metaspace       used 4769K, committed 4992K, reserved 1114112K
  class space    used 256K, committed 384K, reserved 1048576K
}

